2003.10.07 12:23 B C:\Inetpub\wwwroot\ehrd\images\clear.gif --> 10.21.28.241 /home/moste/ehrd/images clear.gif
2003.10.07 12:23 B C:\Inetpub\wwwroot\ehrd\images\del.gif --> 10.21.28.241 /home/moste/ehrd/images del.gif
2003.10.07 12:23 B C:\Inetpub\wwwroot\ehrd\images\edit.gif --> 10.21.28.241 /home/moste/ehrd/images edit.gif
2003.10.07 12:23 B C:\Inetpub\wwwroot\ehrd\images\MOSTE_BANNER.gif --> 10.21.28.241 /home/moste/ehrd/images MOSTE_BANNER.gif
2003.10.20 15:08 B C:\Inetpub\wwwroot\ehrd\images\btn_calendar.gif --> 10.21.28.241 /var/www/html/ehrd/images btn_calendar.gif
2003.10.20 15:08 B C:\Inetpub\wwwroot\ehrd\images\calendar.jpg --> 10.21.28.241 /var/www/html/ehrd/images calendar.jpg
2003.10.20 15:08 B C:\Inetpub\wwwroot\ehrd\images\Thumbs.db --> 10.21.28.241 /var/www/html/ehrd/images Thumbs.db
2003.10.20 15:08 B C:\Inetpub\wwwroot\ehrd\images\WS_FTP.LOG --> 10.21.28.241 /var/www/html/ehrd/images WS_FTP.LOG
2003.11.10 09:35 B C:\Inetpub\wwwroot\ehrd\images\MOSTE_BANNER.gif --> 10.21.28.241 /var/www/html/ehrd/images MOSTE_BANNER.gif
2003.12.15 16:32 B C:\Inetpub\wwwroot\ehrd\images\btn_calendar.gif <-- moste /var/www/html/ehrd/images btn_calendar.gif
2003.12.15 16:32 B C:\Inetpub\wwwroot\ehrd\images\calendar.jpg <-- moste /var/www/html/ehrd/images calendar.jpg
2003.12.15 16:32 B C:\Inetpub\wwwroot\ehrd\images\clear.gif <-- moste /var/www/html/ehrd/images clear.gif
2003.12.15 16:32 B C:\Inetpub\wwwroot\ehrd\images\del.gif <-- moste /var/www/html/ehrd/images del.gif
2003.12.15 16:32 B C:\Inetpub\wwwroot\ehrd\images\edit.gif <-- moste /var/www/html/ehrd/images edit.gif
2004.07.29 22:30 B C:\Inetpub\wwwroot\exec-upm1\images\btn_calendar.gif --> www.global-ict.net /httpdocs/upm/exec-upm1/images btn_calendar.gif
2004.07.29 22:30 B C:\Inetpub\wwwroot\exec-upm1\images\calendar.jpg --> www.global-ict.net /httpdocs/upm/exec-upm1/images calendar.jpg
2004.07.29 22:30 B C:\Inetpub\wwwroot\exec-upm1\images\clear.gif --> www.global-ict.net /httpdocs/upm/exec-upm1/images clear.gif
2004.07.29 22:30 B C:\Inetpub\wwwroot\exec-upm1\images\del.gif --> www.global-ict.net /httpdocs/upm/exec-upm1/images del.gif
2004.07.29 22:30 B C:\Inetpub\wwwroot\exec-upm1\images\delete.ico --> www.global-ict.net /httpdocs/upm/exec-upm1/images delete.ico
2004.07.29 22:30 B C:\Inetpub\wwwroot\exec-upm1\images\edit.gif --> www.global-ict.net /httpdocs/upm/exec-upm1/images edit.gif
2004.07.29 22:31 B C:\Inetpub\wwwroot\exec-upm1\images\first.jpg --> www.global-ict.net /httpdocs/upm/exec-upm1/images first.jpg
2004.07.29 22:31 B C:\Inetpub\wwwroot\exec-upm1\images\first_d.jpg --> www.global-ict.net /httpdocs/upm/exec-upm1/images first_d.jpg
2004.07.29 22:31 B C:\Inetpub\wwwroot\exec-upm1\images\last.jpg --> www.global-ict.net /httpdocs/upm/exec-upm1/images last.jpg
2004.07.29 22:31 B C:\Inetpub\wwwroot\exec-upm1\images\last_d.jpg --> www.global-ict.net /httpdocs/upm/exec-upm1/images last_d.jpg
2004.07.29 22:31 B C:\Inetpub\wwwroot\exec-upm1\images\MOSTE_BANNER.gif --> www.global-ict.net /httpdocs/upm/exec-upm1/images MOSTE_BANNER.gif
2004.07.29 22:31 B C:\Inetpub\wwwroot\exec-upm1\images\next.jpg --> www.global-ict.net /httpdocs/upm/exec-upm1/images next.jpg
2004.07.29 22:31 B C:\Inetpub\wwwroot\exec-upm1\images\next_d.jpg --> www.global-ict.net /httpdocs/upm/exec-upm1/images next_d.jpg
2004.07.29 22:31 B C:\Inetpub\wwwroot\exec-upm1\images\previous.jpg --> www.global-ict.net /httpdocs/upm/exec-upm1/images previous.jpg
2004.07.29 22:31 B C:\Inetpub\wwwroot\exec-upm1\images\previous_d.jpg --> www.global-ict.net /httpdocs/upm/exec-upm1/images previous_d.jpg
2004.07.29 22:31 B C:\Inetpub\wwwroot\exec-upm1\images\tab.GIF --> www.global-ict.net /httpdocs/upm/exec-upm1/images tab.GIF
2004.07.29 22:31 B C:\Inetpub\wwwroot\exec-upm1\images\tab_click.GIF --> www.global-ict.net /httpdocs/upm/exec-upm1/images tab_click.GIF
2004.07.29 22:31 B C:\Inetpub\wwwroot\exec-upm1\images\Thumbs.db --> www.global-ict.net /httpdocs/upm/exec-upm1/images Thumbs.db
2004.07.29 22:31 B C:\Inetpub\wwwroot\exec-upm1\images\UPE.gif --> www.global-ict.net /httpdocs/upm/exec-upm1/images UPE.gif
2004.07.29 22:31 B C:\Inetpub\wwwroot\exec-upm1\images\WS_FTP.LOG --> www.global-ict.net /httpdocs/upm/exec-upm1/images WS_FTP.LOG
2004.10.13 18:07 B C:\Inetpub\wwwroot\exec-upm1\images\assignment.ico --> www.global-ict.net /httpdocs/upm/exec-upm1/images assignment.ico
2004.10.13 18:07 B C:\Inetpub\wwwroot\exec-upm1\images\boxin1.gif --> www.global-ict.net /httpdocs/upm/exec-upm1/images boxin1.gif
2004.10.13 18:07 B C:\Inetpub\wwwroot\exec-upm1\images\boxin2.gif --> www.global-ict.net /httpdocs/upm/exec-upm1/images boxin2.gif
2004.10.13 18:07 B C:\Inetpub\wwwroot\exec-upm1\images\boxout.gif --> www.global-ict.net /httpdocs/upm/exec-upm1/images boxout.gif
2004.10.13 18:07 B C:\Inetpub\wwwroot\exec-upm1\images\btn_bayar.gif --> www.global-ict.net /httpdocs/upm/exec-upm1/images btn_bayar.gif
2004.10.13 18:07 B C:\Inetpub\wwwroot\exec-upm1\images\btn_laporan.gif --> www.global-ict.net /httpdocs/upm/exec-upm1/images btn_laporan.gif
2004.10.13 18:07 B C:\Inetpub\wwwroot\exec-upm1\images\Copy of boxin2.gif --> www.global-ict.net /httpdocs/upm/exec-upm1/images Copy of boxin2.gif
2004.10.13 18:07 B C:\Inetpub\wwwroot\exec-upm1\images\Copy of del.gif --> www.global-ict.net /httpdocs/upm/exec-upm1/images Copy of del.gif
2004.10.13 18:07 B C:\Inetpub\wwwroot\exec-upm1\images\Copy of tab.GIF --> www.global-ict.net /httpdocs/upm/exec-upm1/images Copy of tab.GIF
2004.10.13 18:07 B C:\Inetpub\wwwroot\exec-upm1\images\curriculum.ico --> www.global-ict.net /httpdocs/upm/exec-upm1/images curriculum.ico
2004.10.13 18:08 B C:\Inetpub\wwwroot\exec-upm1\images\curriPro.ico --> www.global-ict.net /httpdocs/upm/exec-upm1/images curriPro.ico
2004.10.13 18:08 B C:\Inetpub\wwwroot\exec-upm1\images\curriZap.ico --> www.global-ict.net /httpdocs/upm/exec-upm1/images curriZap.ico
2004.10.13 18:08 B C:\Inetpub\wwwroot\exec-upm1\images\door01.gif --> www.global-ict.net /httpdocs/upm/exec-upm1/images door01.gif
2004.10.13 18:08 B C:\Inetpub\wwwroot\exec-upm1\images\door02.gif --> www.global-ict.net /httpdocs/upm/exec-upm1/images door02.gif
2004.10.13 18:08 B C:\Inetpub\wwwroot\exec-upm1\images\email01.gif --> www.global-ict.net /httpdocs/upm/exec-upm1/images email01.gif
2004.10.13 18:08 B C:\Inetpub\wwwroot\exec-upm1\images\email03.gif --> www.global-ict.net /httpdocs/upm/exec-upm1/images email03.gif
2004.10.13 18:08 B C:\Inetpub\wwwroot\exec-upm1\images\file04.gif --> www.global-ict.net /httpdocs/upm/exec-upm1/images file04.gif
2004.10.13 18:08 B C:\Inetpub\wwwroot\exec-upm1\images\file05.gif --> www.global-ict.net /httpdocs/upm/exec-upm1/images file05.gif
2004.10.13 18:08 B C:\Inetpub\wwwroot\exec-upm1\images\filview1.gif --> www.global-ict.net /httpdocs/upm/exec-upm1/images filview1.gif
2004.10.13 18:08 B C:\Inetpub\wwwroot\exec-upm1\images\graph01.gif --> www.global-ict.net /httpdocs/upm/exec-upm1/images graph01.gif
2004.10.13 18:08 B C:\Inetpub\wwwroot\exec-upm1\images\graph03.gif --> www.global-ict.net /httpdocs/upm/exec-upm1/images graph03.gif
2004.10.13 18:08 B C:\Inetpub\wwwroot\exec-upm1\images\House.gif --> www.global-ict.net /httpdocs/upm/exec-upm1/images House.gif
2004.10.13 18:08 B C:\Inetpub\wwwroot\exec-upm1\images\ico-1.gif --> www.global-ict.net /httpdocs/upm/exec-upm1/images ico-1.gif
2004.10.13 18:08 B C:\Inetpub\wwwroot\exec-upm1\images\ico-2.gif --> www.global-ict.net /httpdocs/upm/exec-upm1/images ico-2.gif
2004.10.13 18:08 B C:\Inetpub\wwwroot\exec-upm1\images\ico-3.gif --> www.global-ict.net /httpdocs/upm/exec-upm1/images ico-3.gif
2004.10.13 18:08 B C:\Inetpub\wwwroot\exec-upm1\images\ico-4.gif --> www.global-ict.net /httpdocs/upm/exec-upm1/images ico-4.gif
2004.10.13 18:08 B C:\Inetpub\wwwroot\exec-upm1\images\icon-dir.gif --> www.global-ict.net /httpdocs/upm/exec-upm1/images icon-dir.gif
2004.10.13 18:08 B C:\Inetpub\wwwroot\exec-upm1\images\m_daftar.jpg --> www.global-ict.net /httpdocs/upm/exec-upm1/images m_daftar.jpg
2004.10.13 18:08 B C:\Inetpub\wwwroot\exec-upm1\images\m_makl_pelajar.jpg --> www.global-ict.net /httpdocs/upm/exec-upm1/images m_makl_pelajar.jpg
2004.10.13 18:08 B C:\Inetpub\wwwroot\exec-upm1\images\manual.gif --> www.global-ict.net /httpdocs/upm/exec-upm1/images manual.gif
2004.10.13 18:08 B C:\Inetpub\wwwroot\exec-upm1\images\payment.jpg --> www.global-ict.net /httpdocs/upm/exec-upm1/images payment.jpg
2004.10.13 18:08 B C:\Inetpub\wwwroot\exec-upm1\images\print.gif --> www.global-ict.net /httpdocs/upm/exec-upm1/images print.gif
2004.10.13 18:08 B C:\Inetpub\wwwroot\exec-upm1\images\print_matrik.jpg --> www.global-ict.net /httpdocs/upm/exec-upm1/images print_matrik.jpg
2004.10.13 18:08 B C:\Inetpub\wwwroot\exec-upm1\images\printicon.gif --> www.global-ict.net /httpdocs/upm/exec-upm1/images printicon.gif
2004.10.13 18:08 B C:\Inetpub\wwwroot\exec-upm1\images\register.jpg --> www.global-ict.net /httpdocs/upm/exec-upm1/images register.jpg
2004.10.13 18:08 B C:\Inetpub\wwwroot\exec-upm1\images\schedule.gif --> www.global-ict.net /httpdocs/upm/exec-upm1/images schedule.gif
2004.10.13 18:08 B C:\Inetpub\wwwroot\exec-upm1\images\sign-noruniza.gif --> www.global-ict.net /httpdocs/upm/exec-upm1/images sign-noruniza.gif
2004.10.13 18:08 B C:\Inetpub\wwwroot\exec-upm1\images\sound08.gif --> www.global-ict.net /httpdocs/upm/exec-upm1/images sound08.gif
2004.10.13 18:08 B C:\Inetpub\wwwroot\exec-upm1\images\tab_click.GIF --> www.global-ict.net /httpdocs/upm/exec-upm1/images tab_click.GIF
2004.10.13 18:08 B C:\Inetpub\wwwroot\exec-upm1\images\tabBgOSX.gif --> www.global-ict.net /httpdocs/upm/exec-upm1/images tabBgOSX.gif
2004.10.13 18:08 B C:\Inetpub\wwwroot\exec-upm1\images\tabBgSelOSX.gif --> www.global-ict.net /httpdocs/upm/exec-upm1/images tabBgSelOSX.gif
2004.10.13 18:08 B C:\Inetpub\wwwroot\exec-upm1\images\Thumbs.db --> www.global-ict.net /httpdocs/upm/exec-upm1/images Thumbs.db
2004.10.13 18:08 B C:\Inetpub\wwwroot\exec-upm1\images\UPE.gif --> www.global-ict.net /httpdocs/upm/exec-upm1/images UPE.gif
2004.10.13 18:08 B C:\Inetpub\wwwroot\exec-upm1\images\welcome.gif --> www.global-ict.net /httpdocs/upm/exec-upm1/images welcome.gif
2004.10.13 18:08 B C:\Inetpub\wwwroot\exec-upm1\images\WS_FTP.LOG --> www.global-ict.net /httpdocs/upm/exec-upm1/images WS_FTP.LOG
